2022-06-09 14:46:15.522 [restartedMain] WARN  org.springframework.data.convert.CustomConversions - Registering converter from class java.time.LocalDateTime to class org.joda.time.LocalDateTime as reading converter although it doesn't convert from a store-supported type! You might wanna check you annotation setup at the converter implementation.
2022-06-09 14:46:15.530 [restartedMain] WARN  org.springframework.data.convert.CustomConversions - Registering converter from class java.time.LocalDateTime to class org.joda.time.LocalDateTime as reading converter although it doesn't convert from a store-supported type! You might wanna check you annotation setup at the converter implementation.
2022-06-09 14:46:15.531 [restartedMain] WARN  org.springframework.data.convert.CustomConversions - Registering converter from class java.time.LocalDateTime to class java.time.Instant as reading converter although it doesn't convert from a store-supported type! You might wanna check you annotation setup at the converter implementation.
2022-06-09 14:46:15.532 [restartedMain] WARN  org.springframework.data.convert.CustomConversions - Registering converter from class java.time.Instant to class java.time.LocalDateTime as reading converter although it doesn't convert from a store-supported type! You might wanna check you annotation setup at the converter implementation.
2022-06-09 14:46:15.596 [restartedMain] WARN  org.springframework.data.convert.CustomConversions - Registering converter from class java.time.LocalDateTime to class org.joda.time.LocalDateTime as reading converter although it doesn't convert from a store-supported type! You might wanna check you annotation setup at the converter implementation.
2022-06-09 14:46:15.597 [restartedMain] WARN  org.springframework.data.convert.CustomConversions - Registering converter from class java.time.LocalDateTime to class org.joda.time.LocalDateTime as reading converter although it doesn't convert from a store-supported type! You might wanna check you annotation setup at the converter implementation.
2022-06-09 14:46:15.598 [restartedMain] WARN  org.springframework.data.convert.CustomConversions - Registering converter from class java.time.LocalDateTime to class java.time.Instant as reading converter although it doesn't convert from a store-supported type! You might wanna check you annotation setup at the converter implementation.
2022-06-09 14:46:15.599 [restartedMain] WARN  org.springframework.data.convert.CustomConversions - Registering converter from class java.time.Instant to class java.time.LocalDateTime as reading converter although it doesn't convert from a store-supported type! You might wanna check you annotation setup at the converter implementation.
2022-06-09 14:46:16.043 [restartedMain] WARN  o.s.b.d.autoconfigure.OptionalLiveReloadServer - Unable to start LiveReload server
2022-06-09 14:46:16.067 [restartedMain] WARN  o.s.d.m.c.index.MongoPersistentEntityIndexCreator - Automatic index creation will be disabled by default as of Spring Data MongoDB 3.x.
	Please use 'MongoMappingContext#setAutoIndexCreation(boolean)' or override 'MongoConfigurationSupport#autoIndexCreation()' to be explicit.
	However, we recommend setting up indices manually in an application ready block. You may use index derivation there as well.

	> -----------------------------------------------------------------------------------------
	> @EventListener(ApplicationReadyEvent.class)
	> public void initIndicesAfterStartup() {
	>
	>     IndexOperations indexOps = mongoTemplate.indexOps(DomainType.class);
	>
	>     IndexResolver resolver = new MongoPersistentEntityIndexResolver(mongoMappingContext);
	>     resolver.resolveIndexFor(DomainType.class).forEach(indexOps::ensureIndex);
	> }
	> -----------------------------------------------------------------------------------------

2022-06-09 15:01:34.019 [restartedMain] WARN  org.springframework.data.convert.CustomConversions - Registering converter from class java.time.LocalDateTime to class org.joda.time.LocalDateTime as reading converter although it doesn't convert from a store-supported type! You might wanna check you annotation setup at the converter implementation.
2022-06-09 15:01:34.023 [restartedMain] WARN  org.springframework.data.convert.CustomConversions - Registering converter from class java.time.LocalDateTime to class org.joda.time.LocalDateTime as reading converter although it doesn't convert from a store-supported type! You might wanna check you annotation setup at the converter implementation.
2022-06-09 15:01:34.024 [restartedMain] WARN  org.springframework.data.convert.CustomConversions - Registering converter from class java.time.LocalDateTime to class java.time.Instant as reading converter although it doesn't convert from a store-supported type! You might wanna check you annotation setup at the converter implementation.
2022-06-09 15:01:34.024 [restartedMain] WARN  org.springframework.data.convert.CustomConversions - Registering converter from class java.time.Instant to class java.time.LocalDateTime as reading converter although it doesn't convert from a store-supported type! You might wanna check you annotation setup at the converter implementation.
2022-06-09 15:01:34.042 [restartedMain] WARN  org.springframework.data.convert.CustomConversions - Registering converter from class java.time.LocalDateTime to class org.joda.time.LocalDateTime as reading converter although it doesn't convert from a store-supported type! You might wanna check you annotation setup at the converter implementation.
2022-06-09 15:01:34.042 [restartedMain] WARN  org.springframework.data.convert.CustomConversions - Registering converter from class java.time.LocalDateTime to class org.joda.time.LocalDateTime as reading converter although it doesn't convert from a store-supported type! You might wanna check you annotation setup at the converter implementation.
2022-06-09 15:01:34.042 [restartedMain] WARN  org.springframework.data.convert.CustomConversions - Registering converter from class java.time.LocalDateTime to class java.time.Instant as reading converter although it doesn't convert from a store-supported type! You might wanna check you annotation setup at the converter implementation.
2022-06-09 15:01:34.042 [restartedMain] WARN  org.springframework.data.convert.CustomConversions - Registering converter from class java.time.Instant to class java.time.LocalDateTime as reading converter although it doesn't convert from a store-supported type! You might wanna check you annotation setup at the converter implementation.
2022-06-09 15:01:34.187 [restartedMain] WARN  o.s.b.d.autoconfigure.OptionalLiveReloadServer - Unable to start LiveReload server
2022-06-09 15:01:34.202 [restartedMain] WARN  o.s.d.m.c.index.MongoPersistentEntityIndexCreator - Automatic index creation will be disabled by default as of Spring Data MongoDB 3.x.
	Please use 'MongoMappingContext#setAutoIndexCreation(boolean)' or override 'MongoConfigurationSupport#autoIndexCreation()' to be explicit.
	However, we recommend setting up indices manually in an application ready block. You may use index derivation there as well.

	> -----------------------------------------------------------------------------------------
	> @EventListener(ApplicationReadyEvent.class)
	> public void initIndicesAfterStartup() {
	>
	>     IndexOperations indexOps = mongoTemplate.indexOps(DomainType.class);
	>
	>     IndexResolver resolver = new MongoPersistentEntityIndexResolver(mongoMappingContext);
	>     resolver.resolveIndexFor(DomainType.class).forEach(indexOps::ensureIndex);
	> }
	> -----------------------------------------------------------------------------------------

2022-06-09 15:05:38.839 [restartedMain] WARN  org.springframework.data.convert.CustomConversions - Registering converter from class java.time.LocalDateTime to class org.joda.time.LocalDateTime as reading converter although it doesn't convert from a store-supported type! You might wanna check you annotation setup at the converter implementation.
2022-06-09 15:05:38.843 [restartedMain] WARN  org.springframework.data.convert.CustomConversions - Registering converter from class java.time.LocalDateTime to class org.joda.time.LocalDateTime as reading converter although it doesn't convert from a store-supported type! You might wanna check you annotation setup at the converter implementation.
2022-06-09 15:05:38.845 [restartedMain] WARN  org.springframework.data.convert.CustomConversions - Registering converter from class java.time.LocalDateTime to class java.time.Instant as reading converter although it doesn't convert from a store-supported type! You might wanna check you annotation setup at the converter implementation.
2022-06-09 15:05:38.845 [restartedMain] WARN  org.springframework.data.convert.CustomConversions - Registering converter from class java.time.Instant to class java.time.LocalDateTime as reading converter although it doesn't convert from a store-supported type! You might wanna check you annotation setup at the converter implementation.
2022-06-09 15:05:38.864 [restartedMain] WARN  org.springframework.data.convert.CustomConversions - Registering converter from class java.time.LocalDateTime to class org.joda.time.LocalDateTime as reading converter although it doesn't convert from a store-supported type! You might wanna check you annotation setup at the converter implementation.
2022-06-09 15:05:38.864 [restartedMain] WARN  org.springframework.data.convert.CustomConversions - Registering converter from class java.time.LocalDateTime to class org.joda.time.LocalDateTime as reading converter although it doesn't convert from a store-supported type! You might wanna check you annotation setup at the converter implementation.
2022-06-09 15:05:38.865 [restartedMain] WARN  org.springframework.data.convert.CustomConversions - Registering converter from class java.time.LocalDateTime to class java.time.Instant as reading converter although it doesn't convert from a store-supported type! You might wanna check you annotation setup at the converter implementation.
2022-06-09 15:05:38.865 [restartedMain] WARN  org.springframework.data.convert.CustomConversions - Registering converter from class java.time.Instant to class java.time.LocalDateTime as reading converter although it doesn't convert from a store-supported type! You might wanna check you annotation setup at the converter implementation.
2022-06-09 15:05:39.026 [restartedMain] WARN  o.s.b.d.autoconfigure.OptionalLiveReloadServer - Unable to start LiveReload server
2022-06-09 15:05:39.041 [restartedMain] WARN  o.s.d.m.c.index.MongoPersistentEntityIndexCreator - Automatic index creation will be disabled by default as of Spring Data MongoDB 3.x.
	Please use 'MongoMappingContext#setAutoIndexCreation(boolean)' or override 'MongoConfigurationSupport#autoIndexCreation()' to be explicit.
	However, we recommend setting up indices manually in an application ready block. You may use index derivation there as well.

	> -----------------------------------------------------------------------------------------
	> @EventListener(ApplicationReadyEvent.class)
	> public void initIndicesAfterStartup() {
	>
	>     IndexOperations indexOps = mongoTemplate.indexOps(DomainType.class);
	>
	>     IndexResolver resolver = new MongoPersistentEntityIndexResolver(mongoMappingContext);
	>     resolver.resolveIndexFor(DomainType.class).forEach(indexOps::ensureIndex);
	> }
	> -----------------------------------------------------------------------------------------

2022-06-09 15:22:07.001 [restartedMain] WARN  org.springframework.data.convert.CustomConversions - Registering converter from class java.time.LocalDateTime to class org.joda.time.LocalDateTime as reading converter although it doesn't convert from a store-supported type! You might wanna check you annotation setup at the converter implementation.
2022-06-09 15:22:07.007 [restartedMain] WARN  org.springframework.data.convert.CustomConversions - Registering converter from class java.time.LocalDateTime to class org.joda.time.LocalDateTime as reading converter although it doesn't convert from a store-supported type! You might wanna check you annotation setup at the converter implementation.
2022-06-09 15:22:07.009 [restartedMain] WARN  org.springframework.data.convert.CustomConversions - Registering converter from class java.time.LocalDateTime to class java.time.Instant as reading converter although it doesn't convert from a store-supported type! You might wanna check you annotation setup at the converter implementation.
2022-06-09 15:22:07.010 [restartedMain] WARN  org.springframework.data.convert.CustomConversions - Registering converter from class java.time.Instant to class java.time.LocalDateTime as reading converter although it doesn't convert from a store-supported type! You might wanna check you annotation setup at the converter implementation.
2022-06-09 15:22:07.052 [restartedMain] WARN  org.springframework.data.convert.CustomConversions - Registering converter from class java.time.LocalDateTime to class org.joda.time.LocalDateTime as reading converter although it doesn't convert from a store-supported type! You might wanna check you annotation setup at the converter implementation.
2022-06-09 15:22:07.053 [restartedMain] WARN  org.springframework.data.convert.CustomConversions - Registering converter from class java.time.LocalDateTime to class org.joda.time.LocalDateTime as reading converter although it doesn't convert from a store-supported type! You might wanna check you annotation setup at the converter implementation.
2022-06-09 15:22:07.055 [restartedMain] WARN  org.springframework.data.convert.CustomConversions - Registering converter from class java.time.LocalDateTime to class java.time.Instant as reading converter although it doesn't convert from a store-supported type! You might wanna check you annotation setup at the converter implementation.
2022-06-09 15:22:07.056 [restartedMain] WARN  org.springframework.data.convert.CustomConversions - Registering converter from class java.time.Instant to class java.time.LocalDateTime as reading converter although it doesn't convert from a store-supported type! You might wanna check you annotation setup at the converter implementation.
2022-06-09 15:22:07.413 [restartedMain] WARN  o.s.b.d.autoconfigure.OptionalLiveReloadServer - Unable to start LiveReload server
2022-06-09 15:22:07.448 [restartedMain] WARN  o.s.d.m.c.index.MongoPersistentEntityIndexCreator - Automatic index creation will be disabled by default as of Spring Data MongoDB 3.x.
	Please use 'MongoMappingContext#setAutoIndexCreation(boolean)' or override 'MongoConfigurationSupport#autoIndexCreation()' to be explicit.
	However, we recommend setting up indices manually in an application ready block. You may use index derivation there as well.

	> -----------------------------------------------------------------------------------------
	> @EventListener(ApplicationReadyEvent.class)
	> public void initIndicesAfterStartup() {
	>
	>     IndexOperations indexOps = mongoTemplate.indexOps(DomainType.class);
	>
	>     IndexResolver resolver = new MongoPersistentEntityIndexResolver(mongoMappingContext);
	>     resolver.resolveIndexFor(DomainType.class).forEach(indexOps::ensureIndex);
	> }
	> -----------------------------------------------------------------------------------------

2022-06-09 15:28:32.090 [restartedMain] WARN  org.springframework.data.convert.CustomConversions - Registering converter from class java.time.LocalDateTime to class org.joda.time.LocalDateTime as reading converter although it doesn't convert from a store-supported type! You might wanna check you annotation setup at the converter implementation.
2022-06-09 15:28:32.095 [restartedMain] WARN  org.springframework.data.convert.CustomConversions - Registering converter from class java.time.LocalDateTime to class org.joda.time.LocalDateTime as reading converter although it doesn't convert from a store-supported type! You might wanna check you annotation setup at the converter implementation.
2022-06-09 15:28:32.097 [restartedMain] WARN  org.springframework.data.convert.CustomConversions - Registering converter from class java.time.LocalDateTime to class java.time.Instant as reading converter although it doesn't convert from a store-supported type! You might wanna check you annotation setup at the converter implementation.
2022-06-09 15:28:32.097 [restartedMain] WARN  org.springframework.data.convert.CustomConversions - Registering converter from class java.time.Instant to class java.time.LocalDateTime as reading converter although it doesn't convert from a store-supported type! You might wanna check you annotation setup at the converter implementation.
2022-06-09 15:28:32.119 [restartedMain] WARN  org.springframework.data.convert.CustomConversions - Registering converter from class java.time.LocalDateTime to class org.joda.time.LocalDateTime as reading converter although it doesn't convert from a store-supported type! You might wanna check you annotation setup at the converter implementation.
2022-06-09 15:28:32.121 [restartedMain] WARN  org.springframework.data.convert.CustomConversions - Registering converter from class java.time.LocalDateTime to class org.joda.time.LocalDateTime as reading converter although it doesn't convert from a store-supported type! You might wanna check you annotation setup at the converter implementation.
2022-06-09 15:28:32.121 [restartedMain] WARN  org.springframework.data.convert.CustomConversions - Registering converter from class java.time.LocalDateTime to class java.time.Instant as reading converter although it doesn't convert from a store-supported type! You might wanna check you annotation setup at the converter implementation.
2022-06-09 15:28:32.121 [restartedMain] WARN  org.springframework.data.convert.CustomConversions - Registering converter from class java.time.Instant to class java.time.LocalDateTime as reading converter although it doesn't convert from a store-supported type! You might wanna check you annotation setup at the converter implementation.
2022-06-09 15:28:32.351 [restartedMain] WARN  o.s.b.d.autoconfigure.OptionalLiveReloadServer - Unable to start LiveReload server
2022-06-09 15:28:32.366 [restartedMain] WARN  o.s.d.m.c.index.MongoPersistentEntityIndexCreator - Automatic index creation will be disabled by default as of Spring Data MongoDB 3.x.
	Please use 'MongoMappingContext#setAutoIndexCreation(boolean)' or override 'MongoConfigurationSupport#autoIndexCreation()' to be explicit.
	However, we recommend setting up indices manually in an application ready block. You may use index derivation there as well.

	> -----------------------------------------------------------------------------------------
	> @EventListener(ApplicationReadyEvent.class)
	> public void initIndicesAfterStartup() {
	>
	>     IndexOperations indexOps = mongoTemplate.indexOps(DomainType.class);
	>
	>     IndexResolver resolver = new MongoPersistentEntityIndexResolver(mongoMappingContext);
	>     resolver.resolveIndexFor(DomainType.class).forEach(indexOps::ensureIndex);
	> }
	> -----------------------------------------------------------------------------------------

2022-06-09 15:42:23.538 [restartedMain] WARN  org.springframework.data.convert.CustomConversions - Registering converter from class java.time.LocalDateTime to class org.joda.time.LocalDateTime as reading converter although it doesn't convert from a store-supported type! You might wanna check you annotation setup at the converter implementation.
2022-06-09 15:42:23.542 [restartedMain] WARN  org.springframework.data.convert.CustomConversions - Registering converter from class java.time.LocalDateTime to class org.joda.time.LocalDateTime as reading converter although it doesn't convert from a store-supported type! You might wanna check you annotation setup at the converter implementation.
2022-06-09 15:42:23.544 [restartedMain] WARN  org.springframework.data.convert.CustomConversions - Registering converter from class java.time.LocalDateTime to class java.time.Instant as reading converter although it doesn't convert from a store-supported type! You might wanna check you annotation setup at the converter implementation.
2022-06-09 15:42:23.544 [restartedMain] WARN  org.springframework.data.convert.CustomConversions - Registering converter from class java.time.Instant to class java.time.LocalDateTime as reading converter although it doesn't convert from a store-supported type! You might wanna check you annotation setup at the converter implementation.
2022-06-09 15:42:23.564 [restartedMain] WARN  org.springframework.data.convert.CustomConversions - Registering converter from class java.time.LocalDateTime to class org.joda.time.LocalDateTime as reading converter although it doesn't convert from a store-supported type! You might wanna check you annotation setup at the converter implementation.
2022-06-09 15:42:23.564 [restartedMain] WARN  org.springframework.data.convert.CustomConversions - Registering converter from class java.time.LocalDateTime to class org.joda.time.LocalDateTime as reading converter although it doesn't convert from a store-supported type! You might wanna check you annotation setup at the converter implementation.
2022-06-09 15:42:23.565 [restartedMain] WARN  org.springframework.data.convert.CustomConversions - Registering converter from class java.time.LocalDateTime to class java.time.Instant as reading converter although it doesn't convert from a store-supported type! You might wanna check you annotation setup at the converter implementation.
2022-06-09 15:42:23.565 [restartedMain] WARN  org.springframework.data.convert.CustomConversions - Registering converter from class java.time.Instant to class java.time.LocalDateTime as reading converter although it doesn't convert from a store-supported type! You might wanna check you annotation setup at the converter implementation.
2022-06-09 15:42:23.719 [restartedMain] WARN  o.s.b.d.autoconfigure.OptionalLiveReloadServer - Unable to start LiveReload server
2022-06-09 15:42:23.734 [restartedMain] WARN  o.s.d.m.c.index.MongoPersistentEntityIndexCreator - Automatic index creation will be disabled by default as of Spring Data MongoDB 3.x.
	Please use 'MongoMappingContext#setAutoIndexCreation(boolean)' or override 'MongoConfigurationSupport#autoIndexCreation()' to be explicit.
	However, we recommend setting up indices manually in an application ready block. You may use index derivation there as well.

	> -----------------------------------------------------------------------------------------
	> @EventListener(ApplicationReadyEvent.class)
	> public void initIndicesAfterStartup() {
	>
	>     IndexOperations indexOps = mongoTemplate.indexOps(DomainType.class);
	>
	>     IndexResolver resolver = new MongoPersistentEntityIndexResolver(mongoMappingContext);
	>     resolver.resolveIndexFor(DomainType.class).forEach(indexOps::ensureIndex);
	> }
	> -----------------------------------------------------------------------------------------

2022-06-09 15:44:51.525 [restartedMain] WARN  org.springframework.data.convert.CustomConversions - Registering converter from class java.time.LocalDateTime to class org.joda.time.LocalDateTime as reading converter although it doesn't convert from a store-supported type! You might wanna check you annotation setup at the converter implementation.
2022-06-09 15:44:51.529 [restartedMain] WARN  org.springframework.data.convert.CustomConversions - Registering converter from class java.time.LocalDateTime to class org.joda.time.LocalDateTime as reading converter although it doesn't convert from a store-supported type! You might wanna check you annotation setup at the converter implementation.
2022-06-09 15:44:51.530 [restartedMain] WARN  org.springframework.data.convert.CustomConversions - Registering converter from class java.time.LocalDateTime to class java.time.Instant as reading converter although it doesn't convert from a store-supported type! You might wanna check you annotation setup at the converter implementation.
2022-06-09 15:44:51.531 [restartedMain] WARN  org.springframework.data.convert.CustomConversions - Registering converter from class java.time.Instant to class java.time.LocalDateTime as reading converter although it doesn't convert from a store-supported type! You might wanna check you annotation setup at the converter implementation.
2022-06-09 15:44:51.549 [restartedMain] WARN  org.springframework.data.convert.CustomConversions - Registering converter from class java.time.LocalDateTime to class org.joda.time.LocalDateTime as reading converter although it doesn't convert from a store-supported type! You might wanna check you annotation setup at the converter implementation.
2022-06-09 15:44:51.550 [restartedMain] WARN  org.springframework.data.convert.CustomConversions - Registering converter from class java.time.LocalDateTime to class org.joda.time.LocalDateTime as reading converter although it doesn't convert from a store-supported type! You might wanna check you annotation setup at the converter implementation.
2022-06-09 15:44:51.550 [restartedMain] WARN  org.springframework.data.convert.CustomConversions - Registering converter from class java.time.LocalDateTime to class java.time.Instant as reading converter although it doesn't convert from a store-supported type! You might wanna check you annotation setup at the converter implementation.
2022-06-09 15:44:51.550 [restartedMain] WARN  org.springframework.data.convert.CustomConversions - Registering converter from class java.time.Instant to class java.time.LocalDateTime as reading converter although it doesn't convert from a store-supported type! You might wanna check you annotation setup at the converter implementation.
2022-06-09 15:44:51.699 [restartedMain] WARN  o.s.b.d.autoconfigure.OptionalLiveReloadServer - Unable to start LiveReload server
2022-06-09 15:44:51.714 [restartedMain] WARN  o.s.d.m.c.index.MongoPersistentEntityIndexCreator - Automatic index creation will be disabled by default as of Spring Data MongoDB 3.x.
	Please use 'MongoMappingContext#setAutoIndexCreation(boolean)' or override 'MongoConfigurationSupport#autoIndexCreation()' to be explicit.
	However, we recommend setting up indices manually in an application ready block. You may use index derivation there as well.

	> -----------------------------------------------------------------------------------------
	> @EventListener(ApplicationReadyEvent.class)
	> public void initIndicesAfterStartup() {
	>
	>     IndexOperations indexOps = mongoTemplate.indexOps(DomainType.class);
	>
	>     IndexResolver resolver = new MongoPersistentEntityIndexResolver(mongoMappingContext);
	>     resolver.resolveIndexFor(DomainType.class).forEach(indexOps::ensureIndex);
	> }
	> -----------------------------------------------------------------------------------------

2022-06-09 18:58:40.765 [restartedMain] WARN  org.springframework.data.convert.CustomConversions - Registering converter from class java.time.LocalDateTime to class org.joda.time.LocalDateTime as reading converter although it doesn't convert from a store-supported type! You might wanna check you annotation setup at the converter implementation.
2022-06-09 18:58:40.768 [restartedMain] WARN  org.springframework.data.convert.CustomConversions - Registering converter from class java.time.LocalDateTime to class org.joda.time.LocalDateTime as reading converter although it doesn't convert from a store-supported type! You might wanna check you annotation setup at the converter implementation.
2022-06-09 18:58:40.769 [restartedMain] WARN  org.springframework.data.convert.CustomConversions - Registering converter from class java.time.LocalDateTime to class java.time.Instant as reading converter although it doesn't convert from a store-supported type! You might wanna check you annotation setup at the converter implementation.
2022-06-09 18:58:40.770 [restartedMain] WARN  org.springframework.data.convert.CustomConversions - Registering converter from class java.time.Instant to class java.time.LocalDateTime as reading converter although it doesn't convert from a store-supported type! You might wanna check you annotation setup at the converter implementation.
2022-06-09 18:58:40.789 [restartedMain] WARN  org.springframework.data.convert.CustomConversions - Registering converter from class java.time.LocalDateTime to class org.joda.time.LocalDateTime as reading converter although it doesn't convert from a store-supported type! You might wanna check you annotation setup at the converter implementation.
2022-06-09 18:58:40.790 [restartedMain] WARN  org.springframework.data.convert.CustomConversions - Registering converter from class java.time.LocalDateTime to class org.joda.time.LocalDateTime as reading converter although it doesn't convert from a store-supported type! You might wanna check you annotation setup at the converter implementation.
2022-06-09 18:58:40.791 [restartedMain] WARN  org.springframework.data.convert.CustomConversions - Registering converter from class java.time.LocalDateTime to class java.time.Instant as reading converter although it doesn't convert from a store-supported type! You might wanna check you annotation setup at the converter implementation.
2022-06-09 18:58:40.791 [restartedMain] WARN  org.springframework.data.convert.CustomConversions - Registering converter from class java.time.Instant to class java.time.LocalDateTime as reading converter although it doesn't convert from a store-supported type! You might wanna check you annotation setup at the converter implementation.
2022-06-09 18:58:40.949 [restartedMain] WARN  o.s.b.d.autoconfigure.OptionalLiveReloadServer - Unable to start LiveReload server
2022-06-09 18:58:40.967 [restartedMain] WARN  o.s.d.m.c.index.MongoPersistentEntityIndexCreator - Automatic index creation will be disabled by default as of Spring Data MongoDB 3.x.
	Please use 'MongoMappingContext#setAutoIndexCreation(boolean)' or override 'MongoConfigurationSupport#autoIndexCreation()' to be explicit.
	However, we recommend setting up indices manually in an application ready block. You may use index derivation there as well.

	> -----------------------------------------------------------------------------------------
	> @EventListener(ApplicationReadyEvent.class)
	> public void initIndicesAfterStartup() {
	>
	>     IndexOperations indexOps = mongoTemplate.indexOps(DomainType.class);
	>
	>     IndexResolver resolver = new MongoPersistentEntityIndexResolver(mongoMappingContext);
	>     resolver.resolveIndexFor(DomainType.class).forEach(indexOps::ensureIndex);
	> }
	> -----------------------------------------------------------------------------------------

